AA:(AA,0) (AD,-2) (AE,-1)
AB:(AB,0) (AA,-1) (AD,-3) (AE,-2) (CC,0)
AD:(AD,0) (AB,2) (AE,1)
AE:(AE,0) (AA,0) (AB,1) (AD,-2) (CC,1)
CC:(CC,0) (AA,-1) (AB,0) (AD,-3) (AE,-2)
-----
AA:(AA,0) (AB,0) (AD,-2) (AE,-1)
AB:(AB,0) (AA,-1) (AD,-3) (AE,-2) (CC,0)
AD:(AD,0) (AA,1) (AB,2) (AE,1) (CC,2)
AE:(AE,0) (AA,0) (AB,1) (AD,-2) (CC,1)
CC:(CC,0) (AA,-1) (AB,0) (AD,-3) (AE,-2)
-----
AA:(AA,0) (AB,0) (AD,-2) (AE,-1) (CC,0)
AB:(AB,0) (AA,-1) (AD,-3) (AE,-2) (CC,-1)
AD:(AD,0) (AA,1) (AB,2) (AE,1) (CC,2)
AE:(AE,0) (AA,0) (AB,1) (AD,-2) (CC,0)
CC:(CC,0) (AA,-1) (AB,0) (AD,-3) (AE,-2)
-----
AA:(AA,0) (AB,0) (AD,-2) (AE,-1) (CC,0)
AB:(AB,0) (AA,-1) (AD,-3) (AE,-2) (CC,-1)
AD:(AD,0) (AA,1) (AB,2) (AE,1) (CC,1)
AE:(AE,0) (AA,0) (AB,1) (AD,-2) (CC,0)
CC:(CC,0) (AA,-1) (AB,0) (AD,-3) (AE,-2)
-----
AA:(AA,0) (AB,0) (AD,-2) (AE,-1) (CC,-1)
AB:(AB,0) (AA,-1) (AD,-3) (AE,-2) (CC,-2)
AD:(AD,0) (AA,1) (AB,2) (AE,1) (CC,1)
AE:(AE,0) (AA,0) (AB,1) (AD,-2) (CC,-1)
CC:(CC,0) (AA,-1) (AB,0) (AD,-3) (AE,-2)
-----
AA:(AA,0) (AB,0) (AD,-2) (AE,-1) (CC,-1)
AB:(AB,0) (AA,-1) (AD,-3) (AE,-2) (CC,-2)
AD:(AD,0) (AA,1) (AB,2) (AE,1) (CC,0)
AE:(AE,0) (AA,0) (AB,1) (AD,-2) (CC,-1)
CC:(CC,0) (AA,-1) (AB,0) (AD,-3) (AE,-2)
-----
AA:(AA,0) (AB,0) (AD,-2) (AE,-1) (CC,-2)
AB:(AB,0) (AA,-1) (AD,-3) (AE,-2) (CC,-3)
AD:(AD,0) (AA,1) (AB,2) (AE,1) (CC,0)
AE:(AE,0) (AA,0) (AB,1) (AD,-2) (CC,-2)
CC:(CC,0) (AA,-1) (AB,0) (AD,-3) (AE,-2)
-----
AA:(AA,0) (AB,0) (AD,-2) (AE,-1) (CC,-2)
AB:(AB,0) (AA,-1) (AD,-3) (AE,-2) (CC,-3)
AD:(AD,0) (AA,1) (AB,2) (AE,1) (CC,-1)
AE:(AE,0) (AA,0) (AB,1) (AD,-2) (CC,-2)
CC:(CC,0) (AA,-1) (AB,0) (AD,-3) (AE,-2)
-----
AA:(AA,0) (AB,0) (AD,-2) (AE,-1) (CC,-3)
AB:(AB,0) (AA,-1) (AD,-3) (AE,-2) (CC,-4)
AD:(AD,0) (AA,1) (AB,2) (AE,1) (CC,-1)
AE:(AE,0) (AA,0) (AB,1) (AD,-2) (CC,-3)
CC:(CC,0) (AA,-1) (AB,0) (AD,-3) (AE,-2)
-----
AA:(AA,0) (AB,0) (AD,-2) (AE,-1) (CC,-3)
AB:(AB,0) (AA,-1) (AD,-3) (AE,-2) (CC,-4)
AD:(AD,0) (AA,1) (AB,2) (AE,1) (CC,-2)
AE:(AE,0) (AA,0) (AB,1) (AD,-2) (CC,-3)
CC:(CC,0) (AA,-1) (AB,0) (AD,-3) (AE,-2)
-----
AA:(AA,0) (AB,0) (AD,-2) (AE,-1) (CC,-4)
AB:(AB,0) (AA,-1) (AD,-3) (AE,-2) (CC,-5)
AD:(AD,0) (AA,1) (AB,2) (AE,1) (CC,-2)
AE:(AE,0) (AA,0) (AB,1) (AD,-2) (CC,-4)
CC:(CC,0) (AA,-1) (AB,0) (AD,-3) (AE,-2)
-----
AA:(AA,0) (AB,0) (AD,-2) (AE,-1) (CC,-4)
AB:(AB,0) (AA,-1) (AD,-3) (AE,-2) (CC,-5)
AD:(AD,0) (AA,1) (AB,2) (AE,1) (CC,-3)
AE:(AE,0) (AA,0) (AB,1) (AD,-2) (CC,-4)
CC:(CC,0) (AA,-1) (AB,0) (AD,-3) (AE,-2)
-----
AA:(AA,0) (AB,0) (AD,-2) (AE,-1) (CC,-5)
AB:(AB,0) (AA,-1) (AD,-3) (AE,-2) (CC,-6)
AD:(AD,0) (AA,1) (AB,2) (AE,1) (CC,-3)
AE:(AE,0) (AA,0) (AB,1) (AD,-2) (CC,-5)
CC:(CC,0) (AA,-1) (AB,0) (AD,-3) (AE,-2)
-----
AA:(AA,0) (AB,0) (AD,-2) (AE,-1) (CC,-5)
AB:(AB,0) (AA,-1) (AD,-3) (AE,-2) (CC,-6)
AD:(AD,0) (AA,1) (AB,2) (AE,1) (CC,-4)
AE:(AE,0) (AA,0) (AB,1) (AD,-2) (CC,-5)
CC:(CC,0) (AA,-1) (AB,0) (AD,-3) (AE,-2)
-----
AA:(AA,0) (AB,0) (AD,-2) (AE,-1) (CC,-6)
AB:(AB,0) (AA,-1) (AD,-3) (AE,-2) (CC,-7)
AD:(AD,0) (AA,1) (AB,2) (AE,1) (CC,-4)
AE:(AE,0) (AA,0) (AB,1) (AD,-2) (CC,-6)
CC:(CC,0) (AA,-1) (AB,0) (AD,-3) (AE,-2)
-----
AA:(AA,0) (AB,0) (AD,-2) (AE,-1) (CC,-6)
AB:(AB,0) (AA,-1) (AD,-3) (AE,-2) (CC,-7)
AD:(AD,0) (AA,1) (AB,2) (AE,1) (CC,-5)
AE:(AE,0) (AA,0) (AB,1) (AD,-2) (CC,-6)
CC:(CC,0) (AA,-1) (AB,0) (AD,-3) (AE,-2)
-----
AA:(AA,0) (AB,0) (AD,-2) (AE,-1) (CC,-7)
AB:(AB,0) (AA,-1) (AD,-3) (AE,-2) (CC,-8)
AD:(AD,0) (AA,1) (AB,2) (AE,1) (CC,-5)
AE:(AE,0) (AA,0) (AB,1) (AD,-2) (CC,-7)
CC:(CC,0) (AA,-1) (AB,0) (AD,-3) (AE,-2)
-----
AA:(AA,0) (AB,0) (AD,-2) (AE,-1) (CC,-7)
AB:(AB,0) (AA,-1) (AD,-3) (AE,-2) (CC,-8)
AD:(AD,0) (AA,1) (AB,2) (AE,1) (CC,-6)
AE:(AE,0) (AA,0) (AB,1) (AD,-2) (CC,-7)
CC:(CC,0) (AA,-1) (AB,0) (AD,-3) (AE,-2)
-----
AA:(AA,0) (AB,0) (AD,-2) (AE,-1) (CC,-8)
AB:(AB,0) (AA,-1) (AD,-3) (AE,-2) (CC,-9)
AD:(AD,0) (AA,1) (AB,2) (AE,1) (CC,-6)
AE:(AE,0) (AA,0) (AB,1) (AD,-2) (CC,-8)
CC:(CC,0) (AA,-1) (AB,0) (AD,-3) (AE,-2)
-----
AA:(AA,0) (AB,0) (AD,-2) (AE,-1) (CC,-8)
AB:(AB,0) (AA,-1) (AD,-3) (AE,-2) (CC,-9)
AD:(AD,0) (AA,1) (AB,2) (AE,1) (CC,-7)
AE:(AE,0) (AA,0) (AB,1) (AD,-2) (CC,-8)
CC:(CC,0) (AA,-1) (AB,0) (AD,-3) (AE,-2)
-----
AA:(AA,0) (AB,0) (AD,-2) (AE,-1) (CC,-9)
AB:(AB,0) (AA,-1) (AD,-3) (AE,-2) (CC,-10)
AD:(AD,0) (AA,1) (AB,2) (AE,1) (CC,-7)
AE:(AE,0) (AA,0) (AB,1) (AD,-2) (CC,-9)
CC:(CC,0) (AA,-1) (AB,0) (AD,-3) (AE,-2)
-----
AA:(AA,0) (AB,0) (AD,-2) (AE,-1) (CC,-9)
AB:(AB,0) (AA,-1) (AD,-3) (AE,-2) (CC,-10)
AD:(AD,0) (AA,1) (AB,2) (AE,1) (CC,-8)
AE:(AE,0) (AA,0) (AB,1) (AD,-2) (CC,-9)
CC:(CC,0) (AA,-1) (AB,0) (AD,-3) (AE,-2)
-----
AA:(AA,0) (AB,0) (AD,-2) (AE,-1) (CC,-10)
AB:(AB,0) (AA,-1) (AD,-3) (AE,-2) (CC,-11)
AD:(AD,0) (AA,1) (AB,2) (AE,1) (CC,-8)
AE:(AE,0) (AA,0) (AB,1) (AD,-2) (CC,-10)
CC:(CC,0) (AA,-1) (AB,0) (AD,-3) (AE,-2)
-----
AA:(AA,0) (AB,0) (AD,-2) (AE,-1) (CC,-10)
AB:(AB,0) (AA,-1) (AD,-3) (AE,-2) (CC,-11)
AD:(AD,0) (AA,1) (AB,2) (AE,1) (CC,-9)
AE:(AE,0) (AA,0) (AB,1) (AD,-2) (CC,-10)
CC:(CC,0) (AA,-1) (AB,0) (AD,-3) (AE,-2)
-----
AA:(AA,0) (AB,0) (AD,-2) (AE,-1) (CC,-11)
AB:(AB,0) (AA,-1) (AD,-3) (AE,-2) (CC,-12)
AD:(AD,0) (AA,1) (AB,2) (AE,1) (CC,-9)
AE:(AE,0) (AA,0) (AB,1) (AD,-2) (CC,-11)
CC:(CC,0) (AA,-1) (AB,0) (AD,-3) (AE,-2)
-----
AA:(AA,0) (AB,0) (AD,-2) (AE,-1) (CC,-11)
AB:(AB,0) (AA,-1) (AD,-3) (AE,-2) (CC,-12)
AD:(AD,0) (AA,1) (AB,2) (AE,1) (CC,-10)
AE:(AE,0) (AA,0) (AB,1) (AD,-2) (CC,-11)
CC:(CC,0) (AA,-1) (AB,0) (AD,-3) (AE,-2)
-----
AA:(AA,0) (AB,0) (AD,-2) (AE,-1) (CC,-12)
AB:(AB,0) (AA,-1) (AD,-3) (AE,-2) (CC,-13)
AD:(AD,0) (AA,1) (AB,2) (AE,1) (CC,-10)
AE:(AE,0) (AA,0) (AB,1) (AD,-2) (CC,-12)
CC:(CC,0) (AA,-1) (AB,0) (AD,-3) (AE,-2)
-----
AA:(AA,0) (AB,0) (AD,-2) (AE,-1) (CC,-12)
AB:(AB,0) (AA,-1) (AD,-3) (AE,-2) (CC,-13)
AD:(AD,0) (AA,1) (AB,2) (AE,1) (CC,-11)
AE:(AE,0) (AA,0) (AB,1) (AD,-2) (CC,-12)
CC:(CC,0) (AA,-1) (AB,0) (AD,-3) (AE,-2)
-----
AA:(AA,0) (AB,0) (AD,-2) (AE,-1) (CC,-13)
AB:(AB,0) (AA,-1) (AD,-3) (AE,-2) (CC,-14)
AD:(AD,0) (AA,1) (AB,2) (AE,1) (CC,-11)
AE:(AE,0) (AA,0) (AB,1) (AD,-2) (CC,-13)
CC:(CC,0) (AA,-1) (AB,0) (AD,-3) (AE,-2)
-----
AA:(AA,0) (AB,0) (AD,-2) (AE,-1) (CC,-13)
AB:(AB,0) (AA,-1) (AD,-3) (AE,-2) (CC,-14)
AD:(AD,0) (AA,1) (AB,2) (AE,1) (CC,-12)
AE:(AE,0) (AA,0) (AB,1) (AD,-2) (CC,-13)
CC:(CC,0) (AA,-1) (AB,0) (AD,-3) (AE,-2)
-----
AA:(AA,0) (AB,0) (AD,-2) (AE,-1) (CC,-14)
AB:(AB,0) (AA,-1) (AD,-3) (AE,-2) (CC,-15)
AD:(AD,0) (AA,1) (AB,2) (AE,1) (CC,-12)
AE:(AE,0) (AA,0) (AB,1) (AD,-2) (CC,-14)
CC:(CC,0) (AA,-1) (AB,0) (AD,-3) (AE,-2)
-----
AA:(AA,0) (AB,0) (AD,-2) (AE,-1) (CC,-14)
AB:(AB,0) (AA,-1) (AD,-3) (AE,-2) (CC,-15)
AD:(AD,0) (AA,1) (AB,2) (AE,1) (CC,-13)
AE:(AE,0) (AA,0) (AB,1) (AD,-2) (CC,-14)
CC:(CC,0) (AA,-1) (AB,0) (AD,-3) (AE,-2)
-----
AA:(AA,0) (AB,0) (AD,-2) (AE,-1) (CC,-15)
AB:(AB,0) (AA,-1) (AD,-3) (AE,-2) (CC,-16)
AD:(AD,0) (AA,1) (AB,2) (AE,1) (CC,-13)
AE:(AE,0) (AA,0) (AB,1) (AD,-2) (CC,-15)
CC:(CC,0) (AA,-1) (AB,0) (AD,-3) (AE,-2)
-----
AA:(AA,0) (AB,0) (AD,-2) (AE,-1) (CC,-15)
AB:(AB,0) (AA,-1) (AD,-3) (AE,-2) (CC,-16)
AD:(AD,0) (AA,1) (AB,2) (AE,1) (CC,-14)
AE:(AE,0) (AA,0) (AB,1) (AD,-2) (CC,-15)
CC:(CC,0) (AA,-1) (AB,0) (AD,-3) (AE,-2)
-----
AA:(AA,0) (AB,0) (AD,-2) (AE,-1) (CC,-16)
AB:(AB,0) (AA,-1) (AD,-3) (AE,-2) (CC,-17)
AD:(AD,0) (AA,1) (AB,2) (AE,1) (CC,-14)
AE:(AE,0) (AA,0) (AB,1) (AD,-2) (CC,-16)
CC:(CC,0) (AA,-1) (AB,0) (AD,-3) (AE,-2)
-----
AA:(AA,0) (AB,0) (AD,-2) (AE,-1) (CC,-16)
AB:(AB,0) (AA,-1) (AD,-3) (AE,-2) (CC,-17)
AD:(AD,0) (AA,1) (AB,2) (AE,1) (CC,-15)
AE:(AE,0) (AA,0) (AB,1) (AD,-2) (CC,-16)
CC:(CC,0) (AA,-1) (AB,0) (AD,-3) (AE,-2)
-----
AA:(AA,0) (AB,0) (AD,-2) (AE,-1) (CC,-17)
AB:(AB,0) (AA,-1) (AD,-3) (AE,-2) (CC,-18)
AD:(AD,0) (AA,1) (AB,2) (AE,1) (CC,-15)
AE:(AE,0) (AA,0) (AB,1) (AD,-2) (CC,-17)
CC:(CC,0) (AA,-1) (AB,0) (AD,-3) (AE,-2)
-----
AA:(AA,0) (AB,0) (AD,-2) (AE,-1) (CC,-17)
AB:(AB,0) (AA,-1) (AD,-3) (AE,-2) (CC,-18)
AD:(AD,0) (AA,1) (AB,2) (AE,1) (CC,-16)
AE:(AE,0) (AA,0) (AB,1) (AD,-2) (CC,-17)
CC:(CC,0) (AA,-1) (AB,0) (AD,-3) (AE,-2)
-----
AA:(AA,0) (AB,0) (AD,-2) (AE,-1) (CC,-18)
AB:(AB,0) (AA,-1) (AD,-3) (AE,-2) (CC,-19)
AD:(AD,0) (AA,1) (AB,2) (AE,1) (CC,-16)
AE:(AE,0) (AA,0) (AB,1) (AD,-2) (CC,-18)
CC:(CC,0) (AA,-1) (AB,0) (AD,-3) (AE,-2)
-----
AA:(AA,0) (AB,0) (AD,-2) (AE,-1) (CC,-18)
AB:(AB,0) (AA,-1) (AD,-3) (AE,-2) (CC,-19)
AD:(AD,0) (AA,1) (AB,2) (AE,1) (CC,-17)
AE:(AE,0) (AA,0) (AB,1) (AD,-2) (CC,-18)
CC:(CC,0) (AA,-1) (AB,0) (AD,-3) (AE,-2)
-----
AA:(AA,0) (AB,0) (AD,-2) (AE,-1) (CC,-19)
AB:(AB,0) (AA,-1) (AD,-3) (AE,-2) (CC,-20)
AD:(AD,0) (AA,1) (AB,2) (AE,1) (CC,-17)
AE:(AE,0) (AA,0) (AB,1) (AD,-2) (CC,-19)
CC:(CC,0) (AA,-1) (AB,0) (AD,-3) (AE,-2)
-----
AA:(AA,0) (AB,0) (AD,-2) (AE,-1) (CC,-19)
AB:(AB,0) (AA,-1) (AD,-3) (AE,-2) (CC,-20)
AD:(AD,0) (AA,1) (AB,2) (AE,1) (CC,-18)
AE:(AE,0) (AA,0) (AB,1) (AD,-2) (CC,-19)
CC:(CC,0) (AA,-1) (AB,0) (AD,-3) (AE,-2)
-----
AA:(AA,0) (AB,0) (AD,-2) (AE,-1) (CC,-20)
AB:(AB,0) (AA,-1) (AD,-3) (AE,-2) (CC,-21)
AD:(AD,0) (AA,1) (AB,2) (AE,1) (CC,-18)
AE:(AE,0) (AA,0) (AB,1) (AD,-2) (CC,-20)
CC:(CC,0) (AA,-1) (AB,0) (AD,-3) (AE,-2)
-----
AA:(AA,0) (AB,0) (AD,-2) (AE,-1) (CC,-20)
AB:(AB,0) (AA,-1) (AD,-3) (AE,-2) (CC,-21)
AD:(AD,0) (AA,1) (AB,2) (AE,1) (CC,-19)
AE:(AE,0) (AA,0) (AB,1) (AD,-2) (CC,-20)
CC:(CC,0) (AA,-1) (AB,0) (AD,-3) (AE,-2)
-----
AA:(AA,0) (AB,0) (AD,-2) (AE,-1) (CC,-21)
AB:(AB,0) (AA,-1) (AD,-3) (AE,-2) (CC,-22)
AD:(AD,0) (AA,1) (AB,2) (AE,1) (CC,-19)
AE:(AE,0) (AA,0) (AB,1) (AD,-2) (CC,-21)
CC:(CC,0) (AA,-1) (AB,0) (AD,-3) (AE,-2)
-----
AA:(AA,0) (AB,0) (AD,-2) (AE,-1) (CC,-21)
AB:(AB,0) (AA,-1) (AD,-3) (AE,-2) (CC,-22)
AD:(AD,0) (AA,1) (AB,2) (AE,1) (CC,-20)
AE:(AE,0) (AA,0) (AB,1) (AD,-2) (CC,-21)
CC:(CC,0) (AA,-1) (AB,0) (AD,-3) (AE,-2)
-----
AA:(AA,0) (AB,0) (AD,-2) (AE,-1) (CC,-22)
AB:(AB,0) (AA,-1) (AD,-3) (AE,-2) (CC,-23)
AD:(AD,0) (AA,1) (AB,2) (AE,1) (CC,-20)
AE:(AE,0) (AA,0) (AB,1) (AD,-2) (CC,-22)
CC:(CC,0) (AA,-1) (AB,0) (AD,-3) (AE,-2)
-----
AA:(AA,0) (AB,0) (AD,-2) (AE,-1) (CC,-22)
AB:(AB,0) (AA,-1) (AD,-3) (AE,-2) (CC,-23)
AD:(AD,0) (AA,1) (AB,2) (AE,1) (CC,-21)
AE:(AE,0) (AA,0) (AB,1) (AD,-2) (CC,-22)
CC:(CC,0) (AA,-1) (AB,0) (AD,-3) (AE,-2)
-----
AA:(AA,0) (AB,0) (AD,-2) (AE,-1) (CC,-23)
AB:(AB,0) (AA,-1) (AD,-3) (AE,-2) (CC,-24)
AD:(AD,0) (AA,1) (AB,2) (AE,1) (CC,-21)
AE:(AE,0) (AA,0) (AB,1) (AD,-2) (CC,-23)
CC:(CC,0) (AA,-1) (AB,0) (AD,-3) (AE,-2)
-----
AA:(AA,0) (AB,0) (AD,-2) (AE,-1) (CC,-23)
AB:(AB,0) (AA,-1) (AD,-3) (AE,-2) (CC,-24)
AD:(AD,0) (AA,1) (AB,2) (AE,1) (CC,-22)
AE:(AE,0) (AA,0) (AB,1) (AD,-2) (CC,-23)
CC:(CC,0) (AA,-1) (AB,0) (AD,-3) (AE,-2)
-----
AA:(AA,0) (AB,0) (AD,-2) (AE,-1) (CC,-24)
AB:(AB,0) (AA,-1) (AD,-3) (AE,-2) (CC,-25)
AD:(AD,0) (AA,1) (AB,2) (AE,1) (CC,-22)
AE:(AE,0) (AA,0) (AB,1) (AD,-2) (CC,-24)
CC:(CC,0) (AA,-1) (AB,0) (AD,-3) (AE,-2)
-----
AA:(AA,0) (AB,0) (AD,-2) (AE,-1) (CC,-24)
AB:(AB,0) (AA,-1) (AD,-3) (AE,-2) (CC,-25)
AD:(AD,0) (AA,1) (AB,2) (AE,1) (CC,-23)
AE:(AE,0) (AA,0) (AB,1) (AD,-2) (CC,-24)
CC:(CC,0) (AA,-1) (AB,0) (AD,-3) (AE,-2)
-----
AA:(AA,0) (AB,0) (AD,-2) (AE,-1) (CC,-25)
AB:(AB,0) (AA,-1) (AD,-3) (AE,-2) (CC,-26)
AD:(AD,0) (AA,1) (AB,2) (AE,1) (CC,-23)
AE:(AE,0) (AA,0) (AB,1) (AD,-2) (CC,-25)
CC:(CC,0) (AA,-1) (AB,0) (AD,-3) (AE,-2)
-----
AA:(AA,0) (AB,0) (AD,-2) (AE,-1) (CC,-25)
AB:(AB,0) (AA,-1) (AD,-3) (AE,-2) (CC,-26)
AD:(AD,0) (AA,1) (AB,2) (AE,1) (CC,-24)
AE:(AE,0) (AA,0) (AB,1) (AD,-2) (CC,-25)
CC:(CC,0) (AA,-1) (AB,0) (AD,-3) (AE,-2)
-----
AA:(AA,0) (AB,0) (AD,-2) (AE,-1) (CC,-26)
AB:(AB,0) (AA,-1) (AD,-3) (AE,-2) (CC,-27)
AD:(AD,0) (AA,1) (AB,2) (AE,1) (CC,-24)
AE:(AE,0) (AA,0) (AB,1) (AD,-2) (CC,-26)
CC:(CC,0) (AA,-1) (AB,0) (AD,-3) (AE,-2)
-----
AA:(AA,0) (AB,0) (AD,-2) (AE,-1) (CC,-26)
AB:(AB,0) (AA,-1) (AD,-3) (AE,-2) (CC,-27)
AD:(AD,0) (AA,1) (AB,2) (AE,1) (CC,-25)
AE:(AE,0) (AA,0) (AB,1) (AD,-2) (CC,-26)
CC:(CC,0) (AA,-1) (AB,0) (AD,-3) (AE,-2)
-----
AA:(AA,0) (AB,0) (AD,-2) (AE,-1) (CC,-27)
AB:(AB,0) (AA,-1) (AD,-3) (AE,-2) (CC,-28)
AD:(AD,0) (AA,1) (AB,2) (AE,1) (CC,-25)
AE:(AE,0) (AA,0) (AB,1) (AD,-2) (CC,-27)
CC:(CC,0) (AA,-1) (AB,0) (AD,-3) (AE,-2)
-----
AA:(AA,0) (AB,0) (AD,-2) (AE,-1) (CC,-27)
AB:(AB,0) (AA,-1) (AD,-3) (AE,-2) (CC,-28)
AD:(AD,0) (AA,1) (AB,2) (AE,1) (CC,-26)
AE:(AE,0) (AA,0) (AB,1) (AD,-2) (CC,-27)
CC:(CC,0) (AA,-1) (AB,0) (AD,-3) (AE,-2)
-----
AA:(AA,0) (AB,0) (AD,-2) (AE,-1) (CC,-28)
AB:(AB,0) (AA,-1) (AD,-3) (AE,-2) (CC,-29)
AD:(AD,0) (AA,1) (AB,2) (AE,1) (CC,-26)
AE:(AE,0) (AA,0) (AB,1) (AD,-2) (CC,-28)
CC:(CC,0) (AA,-1) (AB,0) (AD,-3) (AE,-2)
-----
AA:(AA,0) (AB,0) (AD,-2) (AE,-1) (CC,-28)
AB:(AB,0) (AA,-1) (AD,-3) (AE,-2) (CC,-29)
AD:(AD,0) (AA,1) (AB,2) (AE,1) (CC,-27)
AE:(AE,0) (AA,0) (AB,1) (AD,-2) (CC,-28)
CC:(CC,0) (AA,-1) (AB,0) (AD,-3) (AE,-2)
-----
AA:(AA,0) (AB,0) (AD,-2) (AE,-1) (CC,-29)
AB:(AB,0) (AA,-1) (AD,-3) (AE,-2) (CC,-30)
AD:(AD,0) (AA,1) (AB,2) (AE,1) (CC,-27)
AE:(AE,0) (AA,0) (AB,1) (AD,-2) (CC,-29)
CC:(CC,0) (AA,-1) (AB,0) (AD,-3) (AE,-2)
-----
AA:(AA,0) (AB,0) (AD,-2) (AE,-1) (CC,-29)
AB:(AB,0) (AA,-1) (AD,-3) (AE,-2) (CC,-30)
AD:(AD,0) (AA,1) (AB,2) (AE,1) (CC,-28)
AE:(AE,0) (AA,0) (AB,1) (AD,-2) (CC,-29)
CC:(CC,0) (AA,-1) (AB,0) (AD,-3) (AE,-2)
-----
AA:(AA,0) (AB,0) (AD,-2) (AE,-1) (CC,-30)
AB:(AB,0) (AA,-1) (AD,-3) (AE,-2) (CC,-31)
AD:(AD,0) (AA,1) (AB,2) (AE,1) (CC,-28)
AE:(AE,0) (AA,0) (AB,1) (AD,-2) (CC,-30)
CC:(CC,0) (AA,-1) (AB,0) (AD,-3) (AE,-2)
-----
AA:(AA,0) (AB,0) (AD,-2) (AE,-1) (CC,-30)
AB:(AB,0) (AA,-1) (AD,-3) (AE,-2) (CC,-31)
AD:(AD,0) (AA,1) (AB,2) (AE,1) (CC,-29)
AE:(AE,0) (AA,0) (AB,1) (AD,-2) (CC,-30)
CC:(CC,0) (AA,-1) (AB,0) (AD,-3) (AE,-2)
-----
AA:(AA,0) (AB,0) (AD,-2) (AE,-1) (CC,-31)
AB:(AB,0) (AA,-1) (AD,-3) (AE,-2) (CC,-32)
AD:(AD,0) (AA,1) (AB,2) (AE,1) (CC,-29)
AE:(AE,0) (AA,0) (AB,1) (AD,-2) (CC,-31)
CC:(CC,0) (AA,-1) (AB,0) (AD,-3) (AE,-2)
-----
AA:(AA,0) (AB,0) (AD,-2) (AE,-1) (CC,-31)
AB:(AB,0) (AA,-1) (AD,-3) (AE,-2) (CC,-32)
AD:(AD,0) (AA,1) (AB,2) (AE,1) (CC,-30)
AE:(AE,0) (AA,0) (AB,1) (AD,-2) (CC,-31)
CC:(CC,0) (AA,-1) (AB,0) (AD,-3) (AE,-2)
-----
AA:(AA,0) (AB,0) (AD,-2) (AE,-1) (CC,-32)
AB:(AB,0) (AA,-1) (AD,-3) (AE,-2) (CC,-33)
AD:(AD,0) (AA,1) (AB,2) (AE,1) (CC,-30)
AE:(AE,0) (AA,0) (AB,1) (AD,-2) (CC,-32)
CC:(CC,0) (AA,-1) (AB,0) (AD,-3) (AE,-2)
-----
AA:(AA,0) (AB,0) (AD,-2) (AE,-1) (CC,-32)
AB:(AB,0) (AA,-1) (AD,-3) (AE,-2) (CC,-33)
AD:(AD,0) (AA,1) (AB,2) (AE,1) (CC,-31)
AE:(AE,0) (AA,0) (AB,1) (AD,-2) (CC,-32)
CC:(CC,0) (AA,-1) (AB,0) (AD,-3) (AE,-2)
-----
AA:(AA,0) (AB,0) (AD,-2) (AE,-1) (CC,-33)
AB:(AB,0) (AA,-1) (AD,-3) (AE,-2) (CC,-34)
AD:(AD,0) (AA,1) (AB,2) (AE,1) (CC,-31)
AE:(AE,0) (AA,0) (AB,1) (AD,-2) (CC,-33)
CC:(CC,0) (AA,-1) (AB,0) (AD,-3) (AE,-2)
-----
AA:(AA,0) (AB,0) (AD,-2) (AE,-1) (CC,-33)
AB:(AB,0) (AA,-1) (AD,-3) (AE,-2) (CC,-34)
AD:(AD,0) (AA,1) (AB,2) (AE,1) (CC,-32)
AE:(AE,0) (AA,0) (AB,1) (AD,-2) (CC,-33)
CC:(CC,0) (AA,-1) (AB,0) (AD,-3) (AE,-2)
-----
AA:(AA,0) (AB,0) (AD,-2) (AE,-1) (CC,-34)
AB:(AB,0) (AA,-1) (AD,-3) (AE,-2) (CC,-35)
AD:(AD,0) (AA,1) (AB,2) (AE,1) (CC,-32)
AE:(AE,0) (AA,0) (AB,1) (AD,-2) (CC,-34)
CC:(CC,0) (AA,-1) (AB,0) (AD,-3) (AE,-2)
-----
AA:(AA,0) (AB,0) (AD,-2) (AE,-1) (CC,-34)
AB:(AB,0) (AA,-1) (AD,-3) (AE,-2) (CC,-35)
AD:(AD,0) (AA,1) (AB,2) (AE,1) (CC,-33)
AE:(AE,0) (AA,0) (AB,1) (AD,-2) (CC,-34)
CC:(CC,0) (AA,-1) (AB,0) (AD,-3) (AE,-2)
-----
AA:(AA,0) (AB,0) (AD,-2) (AE,-1) (CC,-35)
AB:(AB,0) (AA,-1) (AD,-3) (AE,-2) (CC,-36)
AD:(AD,0) (AA,1) (AB,2) (AE,1) (CC,-33)
AE:(AE,0) (AA,0) (AB,1) (AD,-2) (CC,-35)
CC:(CC,0) (AA,-1) (AB,0) (AD,-3) (AE,-2)
-----
AA:(AA,0) (AB,0) (AD,-2) (AE,-1) (CC,-35)
AB:(AB,0) (AA,-1) (AD,-3) (AE,-2) (CC,-36)
AD:(AD,0) (AA,1) (AB,2) (AE,1) (CC,-34)
AE:(AE,0) (AA,0) (AB,1) (AD,-2) (CC,-35)
CC:(CC,0) (AA,-1) (AB,0) (AD,-3) (AE,-2)
-----
AA:(AA,0) (AB,0) (AD,-2) (AE,-1) (CC,-36)
AB:(AB,0) (AA,-1) (AD,-3) (AE,-2) (CC,-37)
AD:(AD,0) (AA,1) (AB,2) (AE,1) (CC,-34)
AE:(AE,0) (AA,0) (AB,1) (AD,-2) (CC,-36)
CC:(CC,0) (AA,-1) (AB,0) (AD,-3) (AE,-2)
-----
AA:(AA,0) (AB,0) (AD,-2) (AE,-1) (CC,-36)
AB:(AB,0) (AA,-1) (AD,-3) (AE,-2) (CC,-37)
AD:(AD,0) (AA,1) (AB,2) (AE,1) (CC,-35)
AE:(AE,0) (AA,0) (AB,1) (AD,-2) (CC,-36)
CC:(CC,0) (AA,-1) (AB,0) (AD,-3) (AE,-2)
-----
AA:(AA,0) (AB,0) (AD,-2) (AE,-1) (CC,-37)
AB:(AB,0) (AA,-1) (AD,-3) (AE,-2) (CC,-38)
AD:(AD,0) (AA,1) (AB,2) (AE,1) (CC,-35)
AE:(AE,0) (AA,0) (AB,1) (AD,-2) (CC,-37)
CC:(CC,0) (AA,-1) (AB,0) (AD,-3) (AE,-2)
-----
AA:(AA,0) (AB,0) (AD,-2) (AE,-1) (CC,-37)
AB:(AB,0) (AA,-1) (AD,-3) (AE,-2) (CC,-38)
AD:(AD,0) (AA,1) (AB,2) (AE,1) (CC,-36)
AE:(AE,0) (AA,0) (AB,1) (AD,-2) (CC,-37)
CC:(CC,0) (AA,-1) (AB,0) (AD,-3) (AE,-2)
-----
AA:(AA,0) (AB,0) (AD,-2) (AE,-1) (CC,-38)
AB:(AB,0) (AA,-1) (AD,-3) (AE,-2) (CC,-39)
AD:(AD,0) (AA,1) (AB,2) (AE,1) (CC,-36)
AE:(AE,0) (AA,0) (AB,1) (AD,-2) (CC,-38)
CC:(CC,0) (AA,-1) (AB,0) (AD,-3) (AE,-2)
-----
AA:(AA,0) (AB,0) (AD,-2) (AE,-1) (CC,-38)
AB:(AB,0) (AA,-1) (AD,-3) (AE,-2) (CC,-39)
AD:(AD,0) (AA,1) (AB,2) (AE,1) (CC,-37)
AE:(AE,0) (AA,0) (AB,1) (AD,-2) (CC,-38)
CC:(CC,0) (AA,-1) (AB,0) (AD,-3) (AE,-2)
-----
AA:(AA,0) (AB,0) (AD,-2) (AE,-1) (CC,-39)
AB:(AB,0) (AA,-1) (AD,-3) (AE,-2) (CC,-40)
AD:(AD,0) (AA,1) (AB,2) (AE,1) (CC,-37)
AE:(AE,0) (AA,0) (AB,1) (AD,-2) (CC,-39)
CC:(CC,0) (AA,-1) (AB,0) (AD,-3) (AE,-2)
-----
AA:(AA,0) (AB,0) (AD,-2) (AE,-1) (CC,-39)
AB:(AB,0) (AA,-1) (AD,-3) (AE,-2) (CC,-40)
AD:(AD,0) (AA,1) (AB,2) (AE,1) (CC,-38)
AE:(AE,0) (AA,0) (AB,1) (AD,-2) (CC,-39)
CC:(CC,0) (AA,-1) (AB,0) (AD,-3) (AE,-2)
-----
AA:(AA,0) (AB,0) (AD,-2) (AE,-1) (CC,-40)
AB:(AB,0) (AA,-1) (AD,-3) (AE,-2) (CC,-41)
AD:(AD,0) (AA,1) (AB,2) (AE,1) (CC,-38)
AE:(AE,0) (AA,0) (AB,1) (AD,-2) (CC,-40)
CC:(CC,0) (AA,-1) (AB,0) (AD,-3) (AE,-2)
-----
AA:(AA,0) (AB,0) (AD,-2) (AE,-1) (CC,-40)
AB:(AB,0) (AA,-1) (AD,-3) (AE,-2) (CC,-41)
AD:(AD,0) (AA,1) (AB,2) (AE,1) (CC,-39)
AE:(AE,0) (AA,0) (AB,1) (AD,-2) (CC,-40)
CC:(CC,0) (AA,-1) (AB,0) (AD,-3) (AE,-2)
-----
AA:(AA,0) (AB,0) (AD,-2) (AE,-1) (CC,-41)
AB:(AB,0) (AA,-1) (AD,-3) (AE,-2) (CC,-42)
AD:(AD,0) (AA,1) (AB,2) (AE,1) (CC,-39)
AE:(AE,0) (AA,0) (AB,1) (AD,-2) (CC,-41)
CC:(CC,0) (AA,-1) (AB,0) (AD,-3) (AE,-2)
-----
AA:(AA,0) (AB,0) (AD,-2) (AE,-1) (CC,-41)
AB:(AB,0) (AA,-1) (AD,-3) (AE,-2) (CC,-42)
AD:(AD,0) (AA,1) (AB,2) (AE,1) (CC,-40)
AE:(AE,0) (AA,0) (AB,1) (AD,-2) (CC,-41)
CC:(CC,0) (AA,-1) (AB,0) (AD,-3) (AE,-2)
-----
AA:(AA,0) (AB,0) (AD,-2) (AE,-1) (CC,-42)
AB:(AB,0) (AA,-1) (AD,-3) (AE,-2) (CC,-43)
AD:(AD,0) (AA,1) (AB,2) (AE,1) (CC,-40)
AE:(AE,0) (AA,0) (AB,1) (AD,-2) (CC,-42)
CC:(CC,0) (AA,-1) (AB,0) (AD,-3) (AE,-2)
-----
AA:(AA,0) (AB,0) (AD,-2) (AE,-1) (CC,-42)
AB:(AB,0) (AA,-1) (AD,-3) (AE,-2) (CC,-43)
AD:(AD,0) (AA,1) (AB,2) (AE,1) (CC,-41)
AE:(AE,0) (AA,0) (AB,1) (AD,-2) (CC,-42)
CC:(CC,0) (AA,-1) (AB,0) (AD,-3) (AE,-2)
-----
AA:(AA,0) (AB,0) (AD,-2) (AE,-1) (CC,-43)
AB:(AB,0) (AA,-1) (AD,-3) (AE,-2) (CC,-44)
AD:(AD,0) (AA,1) (AB,2) (AE,1) (CC,-41)
AE:(AE,0) (AA,0) (AB,1) (AD,-2) (CC,-43)
CC:(CC,0) (AA,-1) (AB,0) (AD,-3) (AE,-2)
-----
AA:(AA,0) (AB,0) (AD,-2) (AE,-1) (CC,-43)
AB:(AB,0) (AA,-1) (AD,-3) (AE,-2) (CC,-44)
AD:(AD,0) (AA,1) (AB,2) (AE,1) (CC,-42)
AE:(AE,0) (AA,0) (AB,1) (AD,-2) (CC,-43)
CC:(CC,0) (AA,-1) (AB,0) (AD,-3) (AE,-2)
-----
AA:(AA,0) (AB,0) (AD,-2) (AE,-1) (CC,-44)
AB:(AB,0) (AA,-1) (AD,-3) (AE,-2) (CC,-45)
AD:(AD,0) (AA,1) (AB,2) (AE,1) (CC,-42)
AE:(AE,0) (AA,0) (AB,1) (AD,-2) (CC,-44)
CC:(CC,0) (AA,-1) (AB,0) (AD,-3) (AE,-2)
-----
AA:(AA,0) (AB,0) (AD,-2) (AE,-1) (CC,-44)
AB:(AB,0) (AA,-1) (AD,-3) (AE,-2) (CC,-45)
AD:(AD,0) (AA,1) (AB,2) (AE,1) (CC,-43)
AE:(AE,0) (AA,0) (AB,1) (AD,-2) (CC,-44)
CC:(CC,0) (AA,-1) (AB,0) (AD,-3) (AE,-2)
-----
AA:(AA,0) (AB,0) (AD,-2) (AE,-1) (CC,-45)
AB:(AB,0) (AA,-1) (AD,-3) (AE,-2) (CC,-46)
AD:(AD,0) (AA,1) (AB,2) (AE,1) (CC,-43)
AE:(AE,0) (AA,0) (AB,1) (AD,-2) (CC,-45)
CC:(CC,0) (AA,-1) (AB,0) (AD,-3) (AE,-2)
-----
AA:(AA,0) (AB,0) (AD,-2) (AE,-1) (CC,-45)
AB:(AB,0) (AA,-1) (AD,-3) (AE,-2) (CC,-46)
AD:(AD,0) (AA,1) (AB,2) (AE,1) (CC,-44)
AE:(AE,0) (AA,0) (AB,1) (AD,-2) (CC,-45)
CC:(CC,0) (AA,-1) (AB,0) (AD,-3) (AE,-2)
-----
AA:(AA,0) (AB,0) (AD,-2) (AE,-1) (CC,-46)
AB:(AB,0) (AA,-1) (AD,-3) (AE,-2) (CC,-47)
AD:(AD,0) (AA,1) (AB,2) (AE,1) (CC,-44)
AE:(AE,0) (AA,0) (AB,1) (AD,-2) (CC,-46)
CC:(CC,0) (AA,-1) (AB,0) (AD,-3) (AE,-2)
-----
AA:(AA,0) (AB,0) (AD,-2) (AE,-1) (CC,-46)
AB:(AB,0) (AA,-1) (AD,-3) (AE,-2) (CC,-47)
AD:(AD,0) (AA,1) (AB,2) (AE,1) (CC,-45)
AE:(AE,0) (AA,0) (AB,1) (AD,-2) (CC,-46)
CC:(CC,0) (AA,-1) (AB,0) (AD,-3) (AE,-2)
-----
AA:(AA,0) (AB,0) (AD,-2) (AE,-1) (CC,-47)
AB:(AB,0) (AA,-1) (AD,-3) (AE,-2) (CC,-48)
AD:(AD,0) (AA,1) (AB,2) (AE,1) (CC,-45)
AE:(AE,0) (AA,0) (AB,1) (AD,-2) (CC,-47)
CC:(CC,0) (AA,-1) (AB,0) (AD,-3) (AE,-2)
-----
AA:(AA,0) (AB,0) (AD,-2) (AE,-1) (CC,-47)
AB:(AB,0) (AA,-1) (AD,-3) (AE,-2) (CC,-48)
AD:(AD,0) (AA,1) (AB,2) (AE,1) (CC,-46)
AE:(AE,0) (AA,0) (AB,1) (AD,-2) (CC,-47)
CC:(CC,0) (AA,-1) (AB,0) (AD,-3) (AE,-2)
-----
AA:(AA,0) (AB,0) (AD,-2) (AE,-1) (CC,-48)
AB:(AB,0) (AA,-1) (AD,-3) (AE,-2) (CC,-49)
AD:(AD,0) (AA,1) (AB,2) (AE,1) (CC,-46)
AE:(AE,0) (AA,0) (AB,1) (AD,-2) (CC,-48)
CC:(CC,0) (AA,-1) (AB,0) (AD,-3) (AE,-2)
-----
AA:(AA,0) (AB,0) (AD,-2) (AE,-1) (CC,-48)
AB:(AB,0) (AA,-1) (AD,-3) (AE,-2) (CC,-49)
AD:(AD,0) (AA,1) (AB,2) (AE,1) (CC,-47)
AE:(AE,0) (AA,0) (AB,1) (AD,-2) (CC,-48)
CC:(CC,0) (AA,-1) (AB,0) (AD,-3) (AE,-2)
-----
AA:(AA,0) (AB,0) (AD,-2) (AE,-1) (CC,-49)
AB:(AB,0) (AA,-1) (AD,-3) (AE,-2) (CC,-50)
AD:(AD,0) (AA,1) (AB,2) (AE,1) (CC,-47)
AE:(AE,0) (AA,0) (AB,1) (AD,-2) (CC,-49)
CC:(CC,0) (AA,-1) (AB,0) (AD,-3) (AE,-2)
-----
AA:(AA,0) (AB,0) (AD,-2) (AE,-1) (CC,-49)
AB:(AB,0) (AA,-1) (AD,-3) (AE,-2) (CC,-50)
AD:(AD,0) (AA,1) (AB,2) (AE,1) (CC,-48)
AE:(AE,0) (AA,0) (AB,1) (AD,-2) (CC,-49)
CC:(CC,0) (AA,-1) (AB,0) (AD,-3) (AE,-2)
-----
AA:(AA,0) (AB,0) (AD,-2) (AE,-1) (CC,-50)
AB:(AB,0) (AA,-1) (AD,-3) (AE,-2) (CC,-51)
AD:(AD,0) (AA,1) (AB,2) (AE,1) (CC,-48)
AE:(AE,0) (AA,0) (AB,1) (AD,-2) (CC,-50)
CC:(CC,0) (AA,-1) (AB,0) (AD,-3) (AE,-2)
-----
AA:(AA,0) (AB,0) (AD,-2) (AE,-1) (CC,-50)
AB:(AB,0) (AA,-1) (AD,-3) (AE,-2) (CC,-51)
AD:(AD,0) (AA,1) (AB,2) (AE,1) (CC,-49)
AE:(AE,0) (AA,0) (AB,1) (AD,-2) (CC,-50)
CC:(CC,0) (AA,-1) (AB,0) (AD,-3) (AE,-2)
-----
AA:(AA,0) (AB,0) (AD,-2) (AE,-1) (CC,-51)
AB:(AB,0) (AA,-1) (AD,-3) (AE,-2) (CC,-52)
AD:(AD,0) (AA,1) (AB,2) (AE,1) (CC,-49)
AE:(AE,0) (AA,0) (AB,1) (AD,-2) (CC,-51)
CC:(CC,0) (AA,-1) (AB,0) (AD,-3) (AE,-2)
-----
AA:(AA,0) (AB,0) (AD,-2) (AE,-1) (CC,-51)
AB:(AB,0) (AA,-1) (AD,-3) (AE,-2) (CC,-52)
AD:(AD,0) (AA,1) (AB,2) (AE,1) (CC,-50)
AE:(AE,0) (AA,0) (AB,1) (AD,-2) (CC,-51)
CC:(CC,0) (AA,-1) (AB,0) (AD,-3) (AE,-2)
-----
AA:(AA,0) (AB,0) (AD,-2) (AE,-1) (CC,-52)
AB:(AB,0) (AA,-1) (AD,-3) (AE,-2) (CC,-53)
AD:(AD,0) (AA,1) (AB,2) (AE,1) (CC,-50)
AE:(AE,0) (AA,0) (AB,1) (AD,-2) (CC,-52)
CC:(CC,0) (AA,-1) (AB,0) (AD,-3) (AE,-2)
-----
AA:(AA,0) (AB,0) (AD,-2) (AE,-1) (CC,-52)
AB:(AB,0) (AA,-1) (AD,-3) (AE,-2) (CC,-53)
AD:(AD,0) (AA,1) (AB,2) (AE,1) (CC,-51)
AE:(AE,0) (AA,0) (AB,1) (AD,-2) (CC,-52)
CC:(CC,0) (AA,-1) (AB,0) (AD,-3) (AE,-2)
-----
AA:(AA,0) (AB,0) (AD,-2) (AE,-1) (CC,-53)
AB:(AB,0) (AA,-1) (AD,-3) (AE,-2) (CC,-54)
AD:(AD,0) (AA,1) (AB,2) (AE,1) (CC,-51)
AE:(AE,0) (AA,0) (AB,1) (AD,-2) (CC,-53)
CC:(CC,0) (AA,-1) (AB,0) (AD,-3) (AE,-2)
-----
AA:(AA,0) (AB,0) (AD,-2) (AE,-1) (CC,-53)
AB:(AB,0) (AA,-1) (AD,-3) (AE,-2) (CC,-54)
AD:(AD,0) (AA,1) (AB,2) (AE,1) (CC,-52)
AE:(AE,0) (AA,0) (AB,1) (AD,-2) (CC,-53)
CC:(CC,0) (AA,-1) (AB,0) (AD,-3) (AE,-2)
-----
AA:(AA,0) (AB,0) (AD,-2) (AE,-1) (CC,-54)
AB:(AB,0) (AA,-1) (AD,-3) (AE,-2) (CC,-55)
AD:(AD,0) (AA,1) (AB,2) (AE,1) (CC,-52)
AE:(AE,0) (AA,0) (AB,1) (AD,-2) (CC,-54)
CC:(CC,0) (AA,-1) (AB,0) (AD,-3) (AE,-2)
-----
AA:(AA,0) (AB,0) (AD,-2) (AE,-1) (CC,-54)
AB:(AB,0) (AA,-1) (AD,-3) (AE,-2) (CC,-55)
AD:(AD,0) (AA,1) (AB,2) (AE,1) (CC,-53)
AE:(AE,0) (AA,0) (AB,1) (AD,-2) (CC,-54)
CC:(CC,0) (AA,-1) (AB,0) (AD,-3) (AE,-2)
-----
AA:(AA,0) (AB,0) (AD,-2) (AE,-1) (CC,-55)
AB:(AB,0) (AA,-1) (AD,-3) (AE,-2) (CC,-56)
AD:(AD,0) (AA,1) (AB,2) (AE,1) (CC,-53)
AE:(AE,0) (AA,0) (AB,1) (AD,-2) (CC,-55)
CC:(CC,0) (AA,-1) (AB,0) (AD,-3) (AE,-2)
-----
AA:(AA,0) (AB,0) (AD,-2) (AE,-1) (CC,-55)
AB:(AB,0) (AA,-1) (AD,-3) (AE,-2) (CC,-56)
AD:(AD,0) (AA,1) (AB,2) (AE,1) (CC,-54)
AE:(AE,0) (AA,0) (AB,1) (AD,-2) (CC,-55)
CC:(CC,0) (AA,-1) (AB,0) (AD,-3) (AE,-2)
-----
AA:(AA,0) (AB,0) (AD,-2) (AE,-1) (CC,-56)
AB:(AB,0) (AA,-1) (AD,-3) (AE,-2) (CC,-57)
AD:(AD,0) (AA,1) (AB,2) (AE,1) (CC,-54)
AE:(AE,0) (AA,0) (AB,1) (AD,-2) (CC,-56)
CC:(CC,0) (AA,-1) (AB,0) (AD,-3) (AE,-2)
-----
AA:(AA,0) (AB,0) (AD,-2) (AE,-1) (CC,-56)
AB:(AB,0) (AA,-1) (AD,-3) (AE,-2) (CC,-57)
AD:(AD,0) (AA,1) (AB,2) (AE,1) (CC,-55)
AE:(AE,0) (AA,0) (AB,1) (AD,-2) (CC,-56)
CC:(CC,0) (AA,-1) (AB,0) (AD,-3) (AE,-2)
-----
AA:(AA,0) (AB,0) (AD,-2) (AE,-1) (CC,-57)
AB:(AB,0) (AA,-1) (AD,-3) (AE,-2) (CC,-58)
AD:(AD,0) (AA,1) (AB,2) (AE,1) (CC,-55)
AE:(AE,0) (AA,0) (AB,1) (AD,-2) (CC,-57)
CC:(CC,0) (AA,-1) (AB,0) (AD,-3) (AE,-2)
-----
AA:(AA,0) (AB,0) (AD,-2) (AE,-1) (CC,-57)
AB:(AB,0) (AA,-1) (AD,-3) (AE,-2) (CC,-58)
AD:(AD,0) (AA,1) (AB,2) (AE,1) (CC,-56)
AE:(AE,0) (AA,0) (AB,1) (AD,-2) (CC,-57)
CC:(CC,0) (AA,-1) (AB,0) (AD,-3) (AE,-2)
-----
AA:(AA,0) (AB,0) (AD,-2) (AE,-1) (CC,-58)
AB:(AB,0) (AA,-1) (AD,-3) (AE,-2) (CC,-59)
AD:(AD,0) (AA,1) (AB,2) (AE,1) (CC,-56)
AE:(AE,0) (AA,0) (AB,1) (AD,-2) (CC,-58)
CC:(CC,0) (AA,-1) (AB,0) (AD,-3) (AE,-2)
-----
AA:(AA,0) (AB,0) (AD,-2) (AE,-1) (CC,-58)
AB:(AB,0) (AA,-1) (AD,-3) (AE,-2) (CC,-59)
AD:(AD,0) (AA,1) (AB,2) (AE,1) (CC,-57)
AE:(AE,0) (AA,0) (AB,1) (AD,-2) (CC,-58)
CC:(CC,0) (AA,-1) (AB,0) (AD,-3) (AE,-2)
-----
AA:(AA,0) (AB,0) (AD,-2) (AE,-1) (CC,-59)
AB:(AB,0) (AA,-1) (AD,-3) (AE,-2) (CC,-60)
AD:(AD,0) (AA,1) (AB,2) (AE,1) (CC,-57)
AE:(AE,0) (AA,0) (AB,1) (AD,-2) (CC,-59)
CC:(CC,0) (AA,-1) (AB,0) (AD,-3) (AE,-2)
-----
AA:(AA,0) (AB,0) (AD,-2) (AE,-1) (CC,-59)
AB:(AB,0) (AA,-1) (AD,-3) (AE,-2) (CC,-60)
AD:(AD,0) (AA,1) (AB,2) (AE,1) (CC,-58)
AE:(AE,0) (AA,0) (AB,1) (AD,-2) (CC,-59)
CC:(CC,0) (AA,-1) (AB,0) (AD,-3) (AE,-2)
-----
AA:(AA,0) (AB,0) (AD,-2) (AE,-1) (CC,-60)
AB:(AB,0) (AA,-1) (AD,-3) (AE,-2) (CC,-61)
AD:(AD,0) (AA,1) (AB,2) (AE,1) (CC,-58)
AE:(AE,0) (AA,0) (AB,1) (AD,-2) (CC,-60)
CC:(CC,0) (AA,-1) (AB,0) (AD,-3) (AE,-2)
-----
AA:(AA,0) (AB,0) (AD,-2) (AE,-1) (CC,-60)
AB:(AB,0) (AA,-1) (AD,-3) (AE,-2) (CC,-61)
AD:(AD,0) (AA,1) (AB,2) (AE,1) (CC,-59)
AE:(AE,0) (AA,0) (AB,1) (AD,-2) (CC,-60)
CC:(CC,0) (AA,-1) (AB,0) (AD,-3) (AE,-2)
-----
AA:(AA,0) (AB,0) (AD,-2) (AE,-1) (CC,-61)
AB:(AB,0) (AA,-1) (AD,-3) (AE,-2) (CC,-62)
AD:(AD,0) (AA,1) (AB,2) (AE,1) (CC,-59)
AE:(AE,0) (AA,0) (AB,1) (AD,-2) (CC,-61)
CC:(CC,0) (AA,-1) (AB,0) (AD,-3) (AE,-2)
-----
AA:(AA,0) (AB,0) (AD,-2) (AE,-1) (CC,-61)
AB:(AB,0) (AA,-1) (AD,-3) (AE,-2) (CC,-62)
AD:(AD,0) (AA,1) (AB,2) (AE,1) (CC,-60)
AE:(AE,0) (AA,0) (AB,1) (AD,-2) (CC,-61)
CC:(CC,0) (AA,-1) (AB,0) (AD,-3) (AE,-2)
-----
AA:(AA,0) (AB,0) (AD,-2) (AE,-1) (CC,-62)
AB:(AB,0) (AA,-1) (AD,-3) (AE,-2) (CC,-63)
AD:(AD,0) (AA,1) (AB,2) (AE,1) (CC,-60)
AE:(AE,0) (AA,0) (AB,1) (AD,-2) (CC,-62)
CC:(CC,0) (AA,-1) (AB,0) (AD,-3) (AE,-2)
-----
AA:(AA,0) (AB,0) (AD,-2) (AE,-1) (CC,-62)
AB:(AB,0) (AA,-1) (AD,-3) (AE,-2) (CC,-63)
AD:(AD,0) (AA,1) (AB,2) (AE,1) (CC,-61)
AE:(AE,0) (AA,0) (AB,1) (AD,-2) (CC,-62)
CC:(CC,0) (AA,-1) (AB,0) (AD,-3) (AE,-2)
-----
AA:(AA,0) (AB,0) (AD,-2) (AE,-1) (CC,-63)
AB:(AB,0) (AA,-1) (AD,-3) (AE,-2) (CC,-64)
AD:(AD,0) (AA,1) (AB,2) (AE,1) (CC,-61)
AE:(AE,0) (AA,0) (AB,1) (AD,-2) (CC,-63)
CC:(CC,0) (AA,-1) (AB,0) (AD,-3) (AE,-2)
-----
AA:(AA,0) (AB,0) (AD,-2) (AE,-1) (CC,-63)
AB:(AB,0) (AA,-1) (AD,-3) (AE,-2) (CC,-64)
AD:(AD,0) (AA,1) (AB,2) (AE,1) (CC,-62)
AE:(AE,0) (AA,0) (AB,1) (AD,-2) (CC,-63)
CC:(CC,0) (AA,-1) (AB,0) (AD,-3) (AE,-2)
-----
AA:(AA,0) (AB,0) (AD,-2) (AE,-1) (CC,-64)
AB:(AB,0) (AA,-1) (AD,-3) (AE,-2) (CC,-65)
AD:(AD,0) (AA,1) (AB,2) (AE,1) (CC,-62)
AE:(AE,0) (AA,0) (AB,1) (AD,-2) (CC,-64)
CC:(CC,0) (AA,-1) (AB,0) (AD,-3) (AE,-2)
-----
AA:(AA,0) (AB,0) (AD,-2) (AE,-1) (CC,-64)
AB:(AB,0) (AA,-1) (AD,-3) (AE,-2) (CC,-65)
AD:(AD,0) (AA,1) (AB,2) (AE,1) (CC,-63)
AE:(AE,0) (AA,0) (AB,1) (AD,-2) (CC,-64)
CC:(CC,0) (AA,-1) (AB,0) (AD,-3) (AE,-2)
-----
AA:(AA,0) (AB,0) (AD,-2) (AE,-1) (CC,-65)
AB:(AB,0) (AA,-1) (AD,-3) (AE,-2) (CC,-66)
AD:(AD,0) (AA,1) (AB,2) (AE,1) (CC,-63)
AE:(AE,0) (AA,0) (AB,1) (AD,-2) (CC,-65)
CC:(CC,0) (AA,-1) (AB,0) (AD,-3) (AE,-2)
-----
AA:(AA,0) (AB,0) (AD,-2) (AE,-1) (CC,-65)
AB:(AB,0) (AA,-1) (AD,-3) (AE,-2) (CC,-66)
AD:(AD,0) (AA,1) (AB,2) (AE,1) (CC,-64)
AE:(AE,0) (AA,0) (AB,1) (AD,-2) (CC,-65)
CC:(CC,0) (AA,-1) (AB,0) (AD,-3) (AE,-2)
-----
AA:(AA,0) (AB,0) (AD,-2) (AE,-1) (CC,-66)
AB:(AB,0) (AA,-1) (AD,-3) (AE,-2) (CC,-67)
AD:(AD,0) (AA,1) (AB,2) (AE,1) (CC,-64)
AE:(AE,0) (AA,0) (AB,1) (AD,-2) (CC,-66)
CC:(CC,0) (AA,-1) (AB,0) (AD,-3) (AE,-2)
-----
AA:(AA,0) (AB,0) (AD,-2) (AE,-1) (CC,-66)
AB:(AB,0) (AA,-1) (AD,-3) (AE,-2) (CC,-67)
AD:(AD,0) (AA,1) (AB,2) (AE,1) (CC,-65)
AE:(AE,0) (AA,0) (AB,1) (AD,-2) (CC,-66)
CC:(CC,0) (AA,-1) (AB,0) (AD,-3) (AE,-2)
-----
AA:(AA,0) (AB,0) (AD,-2) (AE,-1) (CC,-67)
AB:(AB,0) (AA,-1) (AD,-3) (AE,-2) (CC,-68)
AD:(AD,0) (AA,1) (AB,2) (AE,1) (CC,-65)
AE:(AE,0) (AA,0) (AB,1) (AD,-2) (CC,-67)
CC:(CC,0) (AA,-1) (AB,0) (AD,-3) (AE,-2)
-----
AA:(AA,0) (AB,0) (AD,-2) (AE,-1) (CC,-67)
AB:(AB,0) (AA,-1) (AD,-3) (AE,-2) (CC,-68)
AD:(AD,0) (AA,1) (AB,2) (AE,1) (CC,-66)
AE:(AE,0) (AA,0) (AB,1) (AD,-2) (CC,-67)
CC:(CC,0) (AA,-1) (AB,0) (AD,-3) (AE,-2)
-----
AA:(AA,0) (AB,0) (AD,-2) (AE,-1) (CC,-68)
AB:(AB,0) (AA,-1) (AD,-3) (AE,-2) (CC,-69)
AD:(AD,0) (AA,1) (AB,2) (AE,1) (CC,-66)
AE:(AE,0) (AA,0) (AB,1) (AD,-2) (CC,-68)
CC:(CC,0) (AA,-1) (AB,0) (AD,-3) (AE,-2)
-----
AA:(AA,0) (AB,0) (AD,-2) (AE,-1) (CC,-68)
AB:(AB,0) (AA,-1) (AD,-3) (AE,-2) (CC,-69)
AD:(AD,0) (AA,1) (AB,2) (AE,1) (CC,-67)
AE:(AE,0) (AA,0) (AB,1) (AD,-2) (CC,-68)
CC:(CC,0) (AA,-1) (AB,0) (AD,-3) (AE,-2)
-----
AA:(AA,0) (AB,0) (AD,-2) (AE,-1) (CC,-69)
AB:(AB,0) (AA,-1) (AD,-3) (AE,-2) (CC,-70)
AD:(AD,0) (AA,1) (AB,2) (AE,1) (CC,-67)
AE:(AE,0) (AA,0) (AB,1) (AD,-2) (CC,-69)
CC:(CC,0) (AA,-1) (AB,0) (AD,-3) (AE,-2)
-----
AA:(AA,0) (AB,0) (AD,-2) (AE,-1) (CC,-69)
AB:(AB,0) (AA,-1) (AD,-3) (AE,-2) (CC,-70)
AD:(AD,0) (AA,1) (AB,2) (AE,1) (CC,-68)
AE:(AE,0) (AA,0) (AB,1) (AD,-2) (CC,-69)
CC:(CC,0) (AA,-1) (AB,0) (AD,-3) (AE,-2)
-----
AA:(AA,0) (AB,0) (AD,-2) (AE,-1) (CC,-70)
AB:(AB,0) (AA,-1) (AD,-3) (AE,-2) (CC,-71)
AD:(AD,0) (AA,1) (AB,2) (AE,1) (CC,-68)
AE:(AE,0) (AA,0) (AB,1) (AD,-2) (CC,-70)
CC:(CC,0) (AA,-1) (AB,0) (AD,-3) (AE,-2)
-----
AA:(AA,0) (AB,0) (AD,-2) (AE,-1) (CC,-70)
AB:(AB,0) (AA,-1) (AD,-3) (AE,-2) (CC,-71)
AD:(AD,0) (AA,1) (AB,2) (AE,1) (CC,-69)
AE:(AE,0) (AA,0) (AB,1) (AD,-2) (CC,-70)
CC:(CC,0) (AA,-1) (AB,0) (AD,-3) (AE,-2)
-----
AA:(AA,0) (AB,0) (AD,-2) (AE,-1) (CC,-71)
AB:(AB,0) (AA,-1) (AD,-3) (AE,-2) (CC,-72)
AD:(AD,0) (AA,1) (AB,2) (AE,1) (CC,-69)
AE:(AE,0) (AA,0) (AB,1) (AD,-2) (CC,-71)
CC:(CC,0) (AA,-1) (AB,0) (AD,-3) (AE,-2)
-----
AA:(AA,0) (AB,0) (AD,-2) (AE,-1) (CC,-71)
AB:(AB,0) (AA,-1) (AD,-3) (AE,-2) (CC,-72)
AD:(AD,0) (AA,1) (AB,2) (AE,1) (CC,-70)
AE:(AE,0) (AA,0) (AB,1) (AD,-2) (CC,-71)
CC:(CC,0) (AA,-1) (AB,0) (AD,-3) (AE,-2)
-----
AA:(AA,0) (AB,0) (AD,-2) (AE,-1) (CC,-72)
AB:(AB,0) (AA,-1) (AD,-3) (AE,-2) (CC,-73)
AD:(AD,0) (AA,1) (AB,2) (AE,1) (CC,-70)
AE:(AE,0) (AA,0) (AB,1) (AD,-2) (CC,-72)
CC:(CC,0) (AA,-1) (AB,0) (AD,-3) (AE,-2)
-----
AA:(AA,0) (AB,0) (AD,-2) (AE,-1) (CC,-72)
AB:(AB,0) (AA,-1) (AD,-3) (AE,-2) (CC,-73)
AD:(AD,0) (AA,1) (AB,2) (AE,1) (CC,-71)
AE:(AE,0) (AA,0) (AB,1) (AD,-2) (CC,-72)
CC:(CC,0) (AA,-1) (AB,0) (AD,-3) (AE,-2)
-----
AA:(AA,0) (AB,0) (AD,-2) (AE,-1) (CC,-73)
AB:(AB,0) (AA,-1) (AD,-3) (AE,-2) (CC,-74)
AD:(AD,0) (AA,1) (AB,2) (AE,1) (CC,-71)
AE:(AE,0) (AA,0) (AB,1) (AD,-2) (CC,-73)
CC:(CC,0) (AA,-1) (AB,0) (AD,-3) (AE,-2)
-----
AA:(AA,0) (AB,0) (AD,-2) (AE,-1) (CC,-73)
AB:(AB,0) (AA,-1) (AD,-3) (AE,-2) (CC,-74)
AD:(AD,0) (AA,1) (AB,2) (AE,1) (CC,-72)
AE:(AE,0) (AA,0) (AB,1) (AD,-2) (CC,-73)
CC:(CC,0) (AA,-1) (AB,0) (AD,-3) (AE,-2)
-----
AA:(AA,0) (AB,0) (AD,-2) (AE,-1) (CC,-74)
AB:(AB,0) (AA,-1) (AD,-3) (AE,-2) (CC,-75)
AD:(AD,0) (AA,1) (AB,2) (AE,1) (CC,-72)
AE:(AE,0) (AA,0) (AB,1) (AD,-2) (CC,-74)
CC:(CC,0) (AA,-1) (AB,0) (AD,-3) (AE,-2)
-----
AA:(AA,0) (AB,0) (AD,-2) (AE,-1) (CC,-74)
AB:(AB,0) (AA,-1) (AD,-3) (AE,-2) (CC,-75)
AD:(AD,0) (AA,1) (AB,2) (AE,1) (CC,-73)
AE:(AE,0) (AA,0) (AB,1) (AD,-2) (CC,-74)
CC:(CC,0) (AA,-1) (AB,0) (AD,-3) (AE,-2)
-----
AA:(AA,0) (AB,0) (AD,-2) (AE,-1) (CC,-75)
AB:(AB,0) (AA,-1) (AD,-3) (AE,-2) (CC,-76)
AD:(AD,0) (AA,1) (AB,2) (AE,1) (CC,-73)
AE:(AE,0) (AA,0) (AB,1) (AD,-2) (CC,-75)
CC:(CC,0) (AA,-1) (AB,0) (AD,-3) (AE,-2)
-----
AA:(AA,0) (AB,0) (AD,-2) (AE,-1) (CC,-75)
AB:(AB,0) (AA,-1) (AD,-3) (AE,-2) (CC,-76)
AD:(AD,0) (AA,1) (AB,2) (AE,1) (CC,-74)
AE:(AE,0) (AA,0) (AB,1) (AD,-2) (CC,-75)
CC:(CC,0) (AA,-1) (AB,0) (AD,-3) (AE,-2)
-----
AA:(AA,0) (AB,0) (AD,-2) (AE,-1) (CC,-76)
AB:(AB,0) (AA,-1) (AD,-3) (AE,-2) (CC,-77)
AD:(AD,0) (AA,1) (AB,2) (AE,1) (CC,-74)
AE:(AE,0) (AA,0) (AB,1) (AD,-2) (CC,-76)
CC:(CC,0) (AA,-1) (AB,0) (AD,-3) (AE,-2)
-----
AA:(AA,0) (AB,0) (AD,-2) (AE,-1) (CC,-76)
AB:(AB,0) (AA,-1) (AD,-3) (AE,-2) (CC,-77)
AD:(AD,0) (AA,1) (AB,2) (AE,1) (CC,-75)
AE:(AE,0) (AA,0) (AB,1) (AD,-2) (CC,-76)
CC:(CC,0) (AA,-1) (AB,0) (AD,-3) (AE,-2)
-----
AA:(AA,0) (AB,0) (AD,-2) (AE,-1) (CC,-77)
AB:(AB,0) (AA,-1) (AD,-3) (AE,-2) (CC,-78)
AD:(AD,0) (AA,1) (AB,2) (AE,1) (CC,-75)
AE:(AE,0) (AA,0) (AB,1) (AD,-2) (CC,-77)
CC:(CC,0) (AA,-1) (AB,0) (AD,-3) (AE,-2)
-----
AA:(AA,0) (AB,0) (AD,-2) (AE,-1) (CC,-77)
AB:(AB,0) (AA,-1) (AD,-3) (AE,-2) (CC,-78)
AD:(AD,0) (AA,1) (AB,2) (AE,1) (CC,-76)
AE:(AE,0) (AA,0) (AB,1) (AD,-2) (CC,-77)
CC:(CC,0) (AA,-1) (AB,0) (AD,-3) (AE,-2)
-----
AA:(AA,0) (AB,0) (AD,-2) (AE,-1) (CC,-78)
AB:(AB,0) (AA,-1) (AD,-3) (AE,-2) (CC,-79)
AD:(AD,0) (AA,1) (AB,2) (AE,1) (CC,-76)
AE:(AE,0) (AA,0) (AB,1) (AD,-2) (CC,-78)
CC:(CC,0) (AA,-1) (AB,0) (AD,-3) (AE,-2)
-----
AA:(AA,0) (AB,0) (AD,-2) (AE,-1) (CC,-78)
AB:(AB,0) (AA,-1) (AD,-3) (AE,-2) (CC,-79)
AD:(AD,0) (AA,1) (AB,2) (AE,1) (CC,-77)
AE:(AE,0) (AA,0) (AB,1) (AD,-2) (CC,-78)
CC:(CC,0) (AA,-1) (AB,0) (AD,-3) (AE,-2)
-----
AA:(AA,0) (AB,0) (AD,-2) (AE,-1) (CC,-79)
AB:(AB,0) (AA,-1) (AD,-3) (AE,-2) (CC,-80)
AD:(AD,0) (AA,1) (AB,2) (AE,1) (CC,-77)
AE:(AE,0) (AA,0) (AB,1) (AD,-2) (CC,-79)
CC:(CC,0) (AA,-1) (AB,0) (AD,-3) (AE,-2)
-----
AA:(AA,0) (AB,0) (AD,-2) (AE,-1) (CC,-79)
AB:(AB,0) (AA,-1) (AD,-3) (AE,-2) (CC,-80)
AD:(AD,0) (AA,1) (AB,2) (AE,1) (CC,-78)
AE:(AE,0) (AA,0) (AB,1) (AD,-2) (CC,-79)
CC:(CC,0) (AA,-1) (AB,0) (AD,-3) (AE,-2)
-----
AA:(AA,0) (AB,0) (AD,-2) (AE,-1) (CC,-80)
AB:(AB,0) (AA,-1) (AD,-3) (AE,-2) (CC,-81)
AD:(AD,0) (AA,1) (AB,2) (AE,1) (CC,-78)
AE:(AE,0) (AA,0) (AB,1) (AD,-2) (CC,-80)
CC:(CC,0) (AA,-1) (AB,0) (AD,-3) (AE,-2)
-----
AA:(AA,0) (AB,0) (AD,-2) (AE,-1) (CC,-80)
AB:(AB,0) (AA,-1) (AD,-3) (AE,-2) (CC,-81)
AD:(AD,0) (AA,1) (AB,2) (AE,1) (CC,-79)
AE:(AE,0) (AA,0) (AB,1) (AD,-2) (CC,-80)
CC:(CC,0) (AA,-1) (AB,0) (AD,-3) (AE,-2)
-----
AA:(AA,0) (AB,0) (AD,-2) (AE,-1) (CC,-81)
AB:(AB,0) (AA,-1) (AD,-3) (AE,-2) (CC,-82)
AD:(AD,0) (AA,1) (AB,2) (AE,1) (CC,-79)
AE:(AE,0) (AA,0) (AB,1) (AD,-2) (CC,-81)
CC:(CC,0) (AA,-1) (AB,0) (AD,-3) (AE,-2)
-----
AA:(AA,0) (AB,0) (AD,-2) (AE,-1) (CC,-81)
AB:(AB,0) (AA,-1) (AD,-3) (AE,-2) (CC,-82)
AD:(AD,0) (AA,1) (AB,2) (AE,1) (CC,-80)
AE:(AE,0) (AA,0) (AB,1) (AD,-2) (CC,-81)
CC:(CC,0) (AA,-1) (AB,0) (AD,-3) (AE,-2)
-----
AA:(AA,0) (AB,0) (AD,-2) (AE,-1) (CC,-82)
AB:(AB,0) (AA,-1) (AD,-3) (AE,-2) (CC,-83)
AD:(AD,0) (AA,1) (AB,2) (AE,1) (CC,-80)
AE:(AE,0) (AA,0) (AB,1) (AD,-2) (CC,-82)
CC:(CC,0) (AA,-1) (AB,0) (AD,-3) (AE,-2)
-----
AA:(AA,0) (AB,0) (AD,-2) (AE,-1) (CC,-82)
AB:(AB,0) (AA,-1) (AD,-3) (AE,-2) (CC,-83)
AD:(AD,0) (AA,1) (AB,2) (AE,1) (CC,-81)
AE:(AE,0) (AA,0) (AB,1) (AD,-2) (CC,-82)
CC:(CC,0) (AA,-1) (AB,0) (AD,-3) (AE,-2)
-----
AA:(AA,0) (AB,0) (AD,-2) (AE,-1) (CC,-83)
AB:(AB,0) (AA,-1) (AD,-3) (AE,-2) (CC,-84)
AD:(AD,0) (AA,1) (AB,2) (AE,1) (CC,-81)
AE:(AE,0) (AA,0) (AB,1) (AD,-2) (CC,-83)
CC:(CC,0) (AA,-1) (AB,0) (AD,-3) (AE,-2)
-----
AA:(AA,0) (AB,0) (AD,-2) (AE,-1) (CC,-83)
AB:(AB,0) (AA,-1) (AD,-3) (AE,-2) (CC,-84)
AD:(AD,0) (AA,1) (AB,2) (AE,1) (CC,-82)
AE:(AE,0) (AA,0) (AB,1) (AD,-2) (CC,-83)
CC:(CC,0) (AA,-1) (AB,0) (AD,-3) (AE,-2)
-----
AA:(AA,0) (AB,0) (AD,-2) (AE,-1) (CC,-84)
AB:(AB,0) (AA,-1) (AD,-3) (AE,-2) (CC,-85)
AD:(AD,0) (AA,1) (AB,2) (AE,1) (CC,-82)
AE:(AE,0) (AA,0) (AB,1) (AD,-2) (CC,-84)
CC:(CC,0) (AA,-1) (AB,0) (AD,-3) (AE,-2)
-----
AA:(AA,0) (AB,0) (AD,-2) (AE,-1) (CC,-84)
AB:(AB,0) (AA,-1) (AD,-3) (AE,-2) (CC,-85)
AD:(AD,0) (AA,1) (AB,2) (AE,1) (CC,-83)
AE:(AE,0) (AA,0) (AB,1) (AD,-2) (CC,-84)
CC:(CC,0) (AA,-1) (AB,0) (AD,-3) (AE,-2)
-----
AA:(AA,0) (AB,0) (AD,-2) (AE,-1) (CC,-85)
AB:(AB,0) (AA,-1) (AD,-3) (AE,-2) (CC,-86)
AD:(AD,0) (AA,1) (AB,2) (AE,1) (CC,-83)
AE:(AE,0) (AA,0) (AB,1) (AD,-2) (CC,-85)
CC:(CC,0) (AA,-1) (AB,0) (AD,-3) (AE,-2)
-----
AA:(AA,0) (AB,0) (AD,-2) (AE,-1) (CC,-85)
AB:(AB,0) (AA,-1) (AD,-3) (AE,-2) (CC,-86)
AD:(AD,0) (AA,1) (AB,2) (AE,1) (CC,-84)
AE:(AE,0) (AA,0) (AB,1) (AD,-2) (CC,-85)
CC:(CC,0) (AA,-1) (AB,0) (AD,-3) (AE,-2)
-----
AA:(AA,0) (AB,0) (AD,-2) (AE,-1) (CC,-86)
AB:(AB,0) (AA,-1) (AD,-3) (AE,-2) (CC,-87)
AD:(AD,0) (AA,1) (AB,2) (AE,1) (CC,-84)
AE:(AE,0) (AA,0) (AB,1) (AD,-2) (CC,-86)
CC:(CC,0) (AA,-1) (AB,0) (AD,-3) (AE,-2)
-----
AA:(AA,0) (AB,0) (AD,-2) (AE,-1) (CC,-86)
AB:(AB,0) (AA,-1) (AD,-3) (AE,-2) (CC,-87)
AD:(AD,0) (AA,1) (AB,2) (AE,1) (CC,-85)
AE:(AE,0) (AA,0) (AB,1) (AD,-2) (CC,-86)
CC:(CC,0) (AA,-1) (AB,0) (AD,-3) (AE,-2)
-----
AA:(AA,0) (AB,0) (AD,-2) (AE,-1) (CC,-87)
AB:(AB,0) (AA,-1) (AD,-3) (AE,-2) (CC,-88)
AD:(AD,0) (AA,1) (AB,2) (AE,1) (CC,-85)
AE:(AE,0) (AA,0) (AB,1) (AD,-2) (CC,-87)
CC:(CC,0) (AA,-1) (AB,0) (AD,-3) (AE,-2)
-----
AA:(AA,0) (AB,0) (AD,-2) (AE,-1) (CC,-87)
AB:(AB,0) (AA,-1) (AD,-3) (AE,-2) (CC,-88)
AD:(AD,0) (AA,1) (AB,2) (AE,1) (CC,-86)
AE:(AE,0) (AA,0) (AB,1) (AD,-2) (CC,-87)
CC:(CC,0) (AA,-1) (AB,0) (AD,-3) (AE,-2)
-----
AA:(AA,0) (AB,0) (AD,-2) (AE,-1) (CC,-88)
AB:(AB,0) (AA,-1) (AD,-3) (AE,-2) (CC,-89)
AD:(AD,0) (AA,1) (AB,2) (AE,1) (CC,-86)
AE:(AE,0) (AA,0) (AB,1) (AD,-2) (CC,-88)
CC:(CC,0) (AA,-1) (AB,0) (AD,-3) (AE,-2)
-----
AA:(AA,0) (AB,0) (AD,-2) (AE,-1) (CC,-88)
AB:(AB,0) (AA,-1) (AD,-3) (AE,-2) (CC,-89)
AD:(AD,0) (AA,1) (AB,2) (AE,1) (CC,-87)
AE:(AE,0) (AA,0) (AB,1) (AD,-2) (CC,-88)
CC:(CC,0) (AA,-1) (AB,0) (AD,-3) (AE,-2)
-----
AA:(AA,0) (AB,0) (AD,-2) (AE,-1) (CC,-89)
AB:(AB,0) (AA,-1) (AD,-3) (AE,-2) (CC,-90)
AD:(AD,0) (AA,1) (AB,2) (AE,1) (CC,-87)
AE:(AE,0) (AA,0) (AB,1) (AD,-2) (CC,-89)
CC:(CC,0) (AA,-1) (AB,0) (AD,-3) (AE,-2)
-----
AA:(AA,0) (AB,0) (AD,-2) (AE,-1) (CC,-89)
AB:(AB,0) (AA,-1) (AD,-3) (AE,-2) (CC,-90)
AD:(AD,0) (AA,1) (AB,2) (AE,1) (CC,-88)
AE:(AE,0) (AA,0) (AB,1) (AD,-2) (CC,-89)
CC:(CC,0) (AA,-1) (AB,0) (AD,-3) (AE,-2)
-----
AA:(AA,0) (AB,0) (AD,-2) (AE,-1) (CC,-90)
AB:(AB,0) (AA,-1) (AD,-3) (AE,-2) (CC,-91)
AD:(AD,0) (AA,1) (AB,2) (AE,1) (CC,-88)
AE:(AE,0) (AA,0) (AB,1) (AD,-2) (CC,-90)
CC:(CC,0) (AA,-1) (AB,0) (AD,-3) (AE,-2)
-----
AA:(AA,0) (AB,0) (AD,-2) (AE,-1) (CC,-90)
AB:(AB,0) (AA,-1) (AD,-3) (AE,-2) (CC,-91)
AD:(AD,0) (AA,1) (AB,2) (AE,1) (CC,-89)
AE:(AE,0) (AA,0) (AB,1) (AD,-2) (CC,-90)
CC:(CC,0) (AA,-1) (AB,0) (AD,-3) (AE,-2)
-----
AA:(AA,0) (AB,0) (AD,-2) (AE,-1) (CC,-91)
AB:(AB,0) (AA,-1) (AD,-3) (AE,-2) (CC,-92)
AD:(AD,0) (AA,1) (AB,2) (AE,1) (CC,-89)
AE:(AE,0) (AA,0) (AB,1) (AD,-2) (CC,-91)
CC:(CC,0) (AA,-1) (AB,0) (AD,-3) (AE,-2)
-----
AA:(AA,0) (AB,0) (AD,-2) (AE,-1) (CC,-91)
AB:(AB,0) (AA,-1) (AD,-3) (AE,-2) (CC,-92)
AD:(AD,0) (AA,1) (AB,2) (AE,1) (CC,-90)
AE:(AE,0) (AA,0) (AB,1) (AD,-2) (CC,-91)
CC:(CC,0) (AA,-1) (AB,0) (AD,-3) (AE,-2)
-----
AA:(AA,0) (AB,0) (AD,-2) (AE,-1) (CC,-92)
AB:(AB,0) (AA,-1) (AD,-3) (AE,-2) (CC,-93)
AD:(AD,0) (AA,1) (AB,2) (AE,1) (CC,-90)
AE:(AE,0) (AA,0) (AB,1) (AD,-2) (CC,-92)
CC:(CC,0) (AA,-1) (AB,0) (AD,-3) (AE,-2)
-----
AA:(AA,0) (AB,0) (AD,-2) (AE,-1) (CC,-92)
AB:(AB,0) (AA,-1) (AD,-3) (AE,-2) (CC,-93)
AD:(AD,0) (AA,1) (AB,2) (AE,1) (CC,-91)
AE:(AE,0) (AA,0) (AB,1) (AD,-2) (CC,-92)
CC:(CC,0) (AA,-1) (AB,0) (AD,-3) (AE,-2)
-----
AA:(AA,0) (AB,0) (AD,-2) (AE,-1) (CC,-93)
AB:(AB,0) (AA,-1) (AD,-3) (AE,-2) (CC,-94)
AD:(AD,0) (AA,1) (AB,2) (AE,1) (CC,-91)
AE:(AE,0) (AA,0) (AB,1) (AD,-2) (CC,-93)
CC:(CC,0) (AA,-1) (AB,0) (AD,-3) (AE,-2)
-----
AA:(AA,0) (AB,0) (AD,-2) (AE,-1) (CC,-93)
AB:(AB,0) (AA,-1) (AD,-3) (AE,-2) (CC,-94)
AD:(AD,0) (AA,1) (AB,2) (AE,1) (CC,-92)
AE:(AE,0) (AA,0) (AB,1) (AD,-2) (CC,-93)
CC:(CC,0) (AA,-1) (AB,0) (AD,-3) (AE,-2)
-----
AA:(AA,0) (AB,0) (AD,-2) (AE,-1) (CC,-94)
AB:(AB,0) (AA,-1) (AD,-3) (AE,-2) (CC,-95)
AD:(AD,0) (AA,1) (AB,2) (AE,1) (CC,-92)
AE:(AE,0) (AA,0) (AB,1) (AD,-2) (CC,-94)
CC:(CC,0) (AA,-1) (AB,0) (AD,-3) (AE,-2)
-----
AA:(AA,0) (AB,0) (AD,-2) (AE,-1) (CC,-94)
AB:(AB,0) (AA,-1) (AD,-3) (AE,-2) (CC,-95)
AD:(AD,0) (AA,1) (AB,2) (AE,1) (CC,-93)
AE:(AE,0) (AA,0) (AB,1) (AD,-2) (CC,-94)
CC:(CC,0) (AA,-1) (AB,0) (AD,-3) (AE,-2)
-----
AA:(AA,0) (AB,0) (AD,-2) (AE,-1) (CC,-95)
AB:(AB,0) (AA,-1) (AD,-3) (AE,-2) (CC,-96)
AD:(AD,0) (AA,1) (AB,2) (AE,1) (CC,-93)
AE:(AE,0) (AA,0) (AB,1) (AD,-2) (CC,-95)
CC:(CC,0) (AA,-1) (AB,0) (AD,-3) (AE,-2)
-----
AA:(AA,0) (AB,0) (AD,-2) (AE,-1) (CC,-95)
AB:(AB,0) (AA,-1) (AD,-3) (AE,-2) (CC,-96)
AD:(AD,0) (AA,1) (AB,2) (AE,1) (CC,-94)
AE:(AE,0) (AA,0) (AB,1) (AD,-2) (CC,-95)
CC:(CC,0) (AA,-1) (AB,0) (AD,-3) (AE,-2)
-----
AA:(AA,0) (AB,0) (AD,-2) (AE,-1) (CC,-96)
AB:(AB,0) (AA,-1) (AD,-3) (AE,-2) (CC,-97)
AD:(AD,0) (AA,1) (AB,2) (AE,1) (CC,-94)
AE:(AE,0) (AA,0) (AB,1) (AD,-2) (CC,-96)
CC:(CC,0) (AA,-1) (AB,0) (AD,-3) (AE,-2)
-----
AA:(AA,0) (AB,0) (AD,-2) (AE,-1) (CC,-96)
AB:(AB,0) (AA,-1) (AD,-3) (AE,-2) (CC,-97)
AD:(AD,0) (AA,1) (AB,2) (AE,1) (CC,-95)
AE:(AE,0) (AA,0) (AB,1) (AD,-2) (CC,-96)
CC:(CC,0) (AA,-1) (AB,0) (AD,-3) (AE,-2)
-----
AA:(AA,0) (AB,0) (AD,-2) (AE,-1) (CC,-97)
AB:(AB,0) (AA,-1) (AD,-3) (AE,-2) (CC,-98)
AD:(AD,0) (AA,1) (AB,2) (AE,1) (CC,-95)
AE:(AE,0) (AA,0) (AB,1) (AD,-2) (CC,-97)
CC:(CC,0) (AA,-1) (AB,0) (AD,-3) (AE,-2)
-----
AA:(AA,0) (AB,0) (AD,-2) (AE,-1) (CC,-97)
AB:(AB,0) (AA,-1) (AD,-3) (AE,-2) (CC,-98)
AD:(AD,0) (AA,1) (AB,2) (AE,1) (CC,-96)
AE:(AE,0) (AA,0) (AB,1) (AD,-2) (CC,-97)
CC:(CC,0) (AA,-1) (AB,0) (AD,-3) (AE,-2)
-----
AA:(AA,0) (AB,0) (AD,-2) (AE,-1) (CC,-98)
AB:(AB,0) (AA,-1) (AD,-3) (AE,-2) (CC,-99)
AD:(AD,0) (AA,1) (AB,2) (AE,1) (CC,-96)
AE:(AE,0) (AA,0) (AB,1) (AD,-2) (CC,-99)
CC:(CC,0) (AA,-1) (AB,0) (AD,-3) (AE,-2)
-----
AA:(AA,0) (AB,0) (AD,-2) (AE,-1) (CC,-98)
AB:(AB,0) (AA,-1) (AD,-3) (AE,-2) (CC,-99)
AD:(AD,0) (AA,1) (AB,2) (AE,1) (CC,-99)
AE:(AE,0) (AA,0) (AB,1) (AD,-2) (CC,-99)
CC:(CC,0) (AA,-1) (AB,0) (AD,-3) (AE,-2)
-----
AA:(AA,0) (AB,0) (AD,-2) (AE,-1) (CC,-99)
AB:(AB,0) (AA,-1) (AD,-3) (AE,-2) (CC,-99)
AD:(AD,0) (AA,1) (AB,2) (AE,1) (CC,-99)
AE:(AE,0) (AA,0) (AB,1) (AD,-2) (CC,-99)
CC:(CC,0) (AA,-1) (AB,0) (AD,-3) (AE,-2)
-----
